0 verbose cli /usr/bin/node /usr/bin/npm
1 info using npm@9.2.0
2 info using node@v18.19.1
3 timing npm:load:whichnode Completed in 0ms
4 timing config:load:defaults Completed in 3ms
5 timing config:load:file:/usr/share/nodejs/npm/npmrc Completed in 7ms
6 timing config:load:builtin Completed in 8ms
7 timing config:load:cli Completed in 5ms
8 timing config:load:env Completed in 1ms
9 timing config:load:project Completed in 3ms
10 timing config:load:file:/home/ubuntu/.npmrc Completed in 0ms
11 timing config:load:user Completed in 0ms
12 timing config:load:file:/etc/npmrc Completed in 0ms
13 timing config:load:global Completed in 0ms
14 timing config:load:setEnvs Completed in 2ms
15 timing config:load Completed in 25ms
16 timing npm:load:configload Completed in 25ms
17 timing npm:load:mkdirpcache Completed in 1ms
18 timing npm:load:mkdirplogs Completed in 2ms
19 verbose title npm install http-server
20 verbose argv "install" "--global" "http-server"
21 timing npm:load:setTitle Completed in 3ms
22 timing config:load:flatten Completed in 9ms
23 timing npm:load:display Completed in 10ms
24 verbose logfile logs-max:10 dir:/home/ubuntu/.npm/_logs/2024-09-02T08_13_29_577Z-
25 verbose logfile /home/ubuntu/.npm/_logs/2024-09-02T08_13_29_577Z-debug-0.log
26 timing npm:load:logFile Completed in 15ms
27 timing npm:load:timers Completed in 0ms
28 timing npm:load:configScope Completed in 0ms
29 timing npm:load Completed in 57ms
30 timing config:load:flatten Completed in 1ms
31 timing arborist:ctor Completed in 1ms
32 silly logfile done cleaning log files
33 timing idealTree:init Completed in 18ms
34 timing idealTree:userRequests Completed in 7ms
35 silly idealTree buildDeps
36 silly fetch manifest http-server@*
37 http fetch GET 200 https://registry.npmjs.org/http-server 188ms (cache miss)
38 silly placeDep ROOT http-server@14.1.1 OK for:  want: *
39 silly fetch manifest he@^1.2.0
40 silly fetch manifest mime@^1.6.0
41 silly fetch manifest chalk@^4.1.2
42 silly fetch manifest union@~0.5.0
43 silly fetch manifest corser@^2.0.1
44 silly fetch manifest opener@^1.5.1
45 silly fetch manifest minimist@^1.2.6
46 silly fetch manifest url-join@^4.0.1
47 silly fetch manifest basic-auth@^2.0.1
48 silly fetch manifest http-proxy@^1.18.1
49 silly fetch manifest portfinder@^1.0.28
50 silly fetch manifest secure-compare@3.0.1
51 silly fetch manifest html-encoding-sniffer@^3.0.0
52 http fetch GET 200 https://registry.npmjs.org/he 95ms (cache miss)
53 http fetch GET 200 https://registry.npmjs.org/secure-compare 242ms (cache miss)
54 http fetch GET 200 https://registry.npmjs.org/basic-auth 253ms (cache miss)
55 http fetch GET 200 https://registry.npmjs.org/union 257ms (cache miss)
56 http fetch GET 200 https://registry.npmjs.org/opener 260ms (cache miss)
57 http fetch GET 200 https://registry.npmjs.org/html-encoding-sniffer 255ms (cache miss)
58 http fetch GET 200 https://registry.npmjs.org/corser 265ms (cache miss)
59 http fetch GET 200 https://registry.npmjs.org/url-join 265ms (cache miss)
60 http fetch GET 200 https://registry.npmjs.org/minimist 272ms (cache miss)
61 http fetch GET 200 https://registry.npmjs.org/http-proxy 272ms (cache miss)
62 http fetch GET 200 https://registry.npmjs.org/chalk 279ms (cache miss)
63 http fetch GET 200 https://registry.npmjs.org/portfinder 275ms (cache miss)
64 http fetch GET 200 https://registry.npmjs.org/mime 286ms (cache miss)
65 timing idealTree:#root Completed in 505ms
66 silly placeDep node_modules/http-server basic-auth@2.0.1 OK for: http-server@14.1.1 want: ^2.0.1
67 silly placeDep node_modules/http-server chalk@4.1.2 OK for: http-server@14.1.1 want: ^4.1.2
68 silly placeDep node_modules/http-server corser@2.0.1 OK for: http-server@14.1.1 want: ^2.0.1
69 silly placeDep node_modules/http-server he@1.2.0 OK for: http-server@14.1.1 want: ^1.2.0
70 silly placeDep node_modules/http-server html-encoding-sniffer@3.0.0 OK for: http-server@14.1.1 want: ^3.0.0
71 silly placeDep node_modules/http-server http-proxy@1.18.1 OK for: http-server@14.1.1 want: ^1.18.1
72 silly placeDep node_modules/http-server mime@1.6.0 OK for: http-server@14.1.1 want: ^1.6.0
73 silly placeDep node_modules/http-server minimist@1.2.8 OK for: http-server@14.1.1 want: ^1.2.6
74 silly placeDep node_modules/http-server opener@1.5.2 OK for: http-server@14.1.1 want: ^1.5.1
75 silly placeDep node_modules/http-server portfinder@1.0.32 OK for: http-server@14.1.1 want: ^1.0.28
76 silly placeDep node_modules/http-server secure-compare@3.0.1 OK for: http-server@14.1.1 want: 3.0.1
77 silly placeDep node_modules/http-server union@0.5.0 OK for: http-server@14.1.1 want: ~0.5.0
78 silly placeDep node_modules/http-server url-join@4.0.1 OK for: http-server@14.1.1 want: ^4.0.1
79 silly fetch manifest safe-buffer@5.1.2
80 silly fetch manifest ansi-styles@^4.1.0
81 silly fetch manifest supports-color@^7.1.0
82 silly fetch manifest whatwg-encoding@^2.0.0
83 silly fetch manifest eventemitter3@^4.0.0
84 silly fetch manifest requires-port@^1.0.0
85 silly fetch manifest follow-redirects@^1.0.0
86 silly fetch manifest async@^2.6.4
87 silly fetch manifest debug@^3.2.7
88 silly fetch manifest mkdirp@^0.5.6
89 silly fetch manifest qs@^6.4.0
90 http fetch GET 200 https://registry.npmjs.org/safe-buffer 154ms (cache miss)
91 http fetch GET 200 https://registry.npmjs.org/requires-port 154ms (cache miss)
92 http fetch GET 200 https://registry.npmjs.org/whatwg-encoding 160ms (cache miss)
93 http fetch GET 200 https://registry.npmjs.org/ansi-styles 172ms (cache miss)
94 http fetch GET 200 https://registry.npmjs.org/eventemitter3 182ms (cache miss)
95 http fetch GET 200 https://registry.npmjs.org/supports-color 192ms (cache miss)
96 http fetch GET 200 https://registry.npmjs.org/mkdirp 189ms (cache miss)
97 http fetch GET 200 https://registry.npmjs.org/debug 195ms (cache miss)
98 http fetch GET 200 https://registry.npmjs.org/async 199ms (cache miss)
99 http fetch GET 200 https://registry.npmjs.org/follow-redirects 210ms (cache miss)
100 http fetch GET 200 https://registry.npmjs.org/qs 210ms (cache miss)
101 timing idealTree:node_modules/http-server Completed in 277ms
102 silly placeDep node_modules/http-server safe-buffer@5.1.2 OK for: basic-auth@2.0.1 want: 5.1.2
103 timing idealTree:node_modules/http-server/node_modules/basic-auth Completed in 4ms
104 silly placeDep node_modules/http-server ansi-styles@4.3.0 OK for: chalk@4.1.2 want: ^4.1.0
105 silly placeDep node_modules/http-server supports-color@7.2.0 OK for: chalk@4.1.2 want: ^7.1.0
106 silly fetch manifest color-convert@^2.0.1
107 silly fetch manifest has-flag@^4.0.0
108 http fetch GET 200 https://registry.npmjs.org/color-convert 43ms (cache miss)
109 http fetch GET 200 https://registry.npmjs.org/has-flag 41ms (cache miss)
110 timing idealTree:node_modules/http-server/node_modules/chalk Completed in 52ms
111 silly placeDep node_modules/http-server color-convert@2.0.1 OK for: ansi-styles@4.3.0 want: ^2.0.1
112 silly fetch manifest color-name@~1.1.4
113 http fetch GET 200 https://registry.npmjs.org/color-name 31ms (cache miss)
114 timing idealTree:node_modules/http-server/node_modules/ansi-styles Completed in 38ms
115 silly placeDep node_modules/http-server color-name@1.1.4 OK for: color-convert@2.0.1 want: ~1.1.4
116 timing idealTree:node_modules/http-server/node_modules/color-convert Completed in 3ms
117 timing idealTree:node_modules/http-server/node_modules/color-name Completed in 1ms
118 timing idealTree:node_modules/http-server/node_modules/corser Completed in 0ms
119 timing idealTree:node_modules/http-server/node_modules/he Completed in 0ms
120 silly placeDep node_modules/http-server whatwg-encoding@2.0.0 OK for: html-encoding-sniffer@3.0.0 want: ^2.0.0
121 silly fetch manifest iconv-lite@0.6.3
122 http fetch GET 200 https://registry.npmjs.org/iconv-lite 46ms (cache miss)
123 timing idealTree:node_modules/http-server/node_modules/html-encoding-sniffer Completed in 56ms
124 silly placeDep node_modules/http-server eventemitter3@4.0.7 OK for: http-proxy@1.18.1 want: ^4.0.0
125 silly placeDep node_modules/http-server follow-redirects@1.15.6 OK for: http-proxy@1.18.1 want: ^1.0.0
126 silly placeDep node_modules/http-server requires-port@1.0.0 OK for: http-proxy@1.18.1 want: ^1.0.0
127 timing idealTree:node_modules/http-server/node_modules/http-proxy Completed in 13ms
128 timing idealTree:node_modules/http-server/node_modules/eventemitter3 Completed in 0ms
129 timing idealTree:node_modules/http-server/node_modules/follow-redirects Completed in 0ms
130 timing idealTree:node_modules/http-server/node_modules/mime Completed in 0ms
131 timing idealTree:node_modules/http-server/node_modules/minimist Completed in 0ms
132 timing idealTree:node_modules/http-server/node_modules/opener Completed in 0ms
133 silly placeDep node_modules/http-server async@2.6.4 OK for: portfinder@1.0.32 want: ^2.6.4
134 silly placeDep node_modules/http-server debug@3.2.7 OK for: portfinder@1.0.32 want: ^3.2.7
135 silly placeDep node_modules/http-server mkdirp@0.5.6 OK for: portfinder@1.0.32 want: ^0.5.6
136 silly fetch manifest lodash@^4.17.14
137 silly fetch manifest ms@^2.1.1
138 http fetch GET 200 https://registry.npmjs.org/lodash 69ms (cache miss)
139 http fetch GET 200 https://registry.npmjs.org/ms 69ms (cache miss)
140 timing idealTree:node_modules/http-server/node_modules/portfinder Completed in 79ms
141 silly placeDep node_modules/http-server lodash@4.17.21 OK for: async@2.6.4 want: ^4.17.14
142 timing idealTree:node_modules/http-server/node_modules/async Completed in 5ms
143 silly placeDep node_modules/http-server ms@2.1.3 OK for: debug@3.2.7 want: ^2.1.1
144 timing idealTree:node_modules/http-server/node_modules/debug Completed in 4ms
145 timing idealTree:node_modules/http-server/node_modules/lodash Completed in 0ms
146 timing idealTree:node_modules/http-server/node_modules/mkdirp Completed in 0ms
147 timing idealTree:node_modules/http-server/node_modules/ms Completed in 0ms
148 timing idealTree:node_modules/http-server/node_modules/requires-port Completed in 0ms
149 timing idealTree:node_modules/http-server/node_modules/safe-buffer Completed in 0ms
150 timing idealTree:node_modules/http-server/node_modules/secure-compare Completed in 0ms
151 silly placeDep node_modules/http-server has-flag@4.0.0 OK for: supports-color@7.2.0 want: ^4.0.0
152 timing idealTree:node_modules/http-server/node_modules/supports-color Completed in 3ms
153 timing idealTree:node_modules/http-server/node_modules/has-flag Completed in 0ms
154 silly placeDep node_modules/http-server qs@6.13.0 OK for: union@0.5.0 want: ^6.4.0
155 silly fetch manifest side-channel@^1.0.6
156 http fetch GET 200 https://registry.npmjs.org/side-channel 34ms (cache miss)
157 timing idealTree:node_modules/http-server/node_modules/union Completed in 39ms
158 silly placeDep node_modules/http-server side-channel@1.0.6 OK for: qs@6.13.0 want: ^1.0.6
159 silly fetch manifest call-bind@^1.0.7
160 silly fetch manifest es-errors@^1.3.0
161 silly fetch manifest get-intrinsic@^1.2.4
162 silly fetch manifest object-inspect@^1.13.1
163 http fetch GET 200 https://registry.npmjs.org/call-bind 44ms (cache miss)
164 http fetch GET 200 https://registry.npmjs.org/es-errors 46ms (cache miss)
165 http fetch GET 200 https://registry.npmjs.org/object-inspect 64ms (cache miss)
166 http fetch GET 200 https://registry.npmjs.org/get-intrinsic 70ms (cache miss)
167 timing idealTree:node_modules/http-server/node_modules/qs Completed in 82ms
168 silly placeDep node_modules/http-server call-bind@1.0.7 OK for: side-channel@1.0.6 want: ^1.0.7
169 silly placeDep node_modules/http-server es-errors@1.3.0 OK for: side-channel@1.0.6 want: ^1.3.0
170 silly placeDep node_modules/http-server get-intrinsic@1.2.4 OK for: side-channel@1.0.6 want: ^1.2.4
171 silly placeDep node_modules/http-server object-inspect@1.13.2 OK for: side-channel@1.0.6 want: ^1.13.1
172 silly fetch manifest es-define-property@^1.0.0
173 silly fetch manifest function-bind@^1.1.2
174 silly fetch manifest set-function-length@^1.2.1
175 silly fetch manifest has-proto@^1.0.1
176 silly fetch manifest has-symbols@^1.0.3
177 silly fetch manifest hasown@^2.0.0
178 http fetch GET 200 https://registry.npmjs.org/es-define-property 67ms (cache miss)
179 http fetch GET 200 https://registry.npmjs.org/function-bind 71ms (cache miss)
180 http fetch GET 200 https://registry.npmjs.org/set-function-length 71ms (cache miss)
181 http fetch GET 200 https://registry.npmjs.org/has-proto 71ms (cache miss)
182 http fetch GET 200 https://registry.npmjs.org/has-symbols 72ms (cache miss)
183 http fetch GET 200 https://registry.npmjs.org/hasown 71ms (cache miss)
184 timing idealTree:node_modules/http-server/node_modules/side-channel Completed in 90ms
185 silly placeDep node_modules/http-server es-define-property@1.0.0 OK for: call-bind@1.0.7 want: ^1.0.0
186 silly placeDep node_modules/http-server function-bind@1.1.2 OK for: call-bind@1.0.7 want: ^1.1.2
187 silly placeDep node_modules/http-server set-function-length@1.2.2 OK for: call-bind@1.0.7 want: ^1.2.1
188 silly fetch manifest define-data-property@^1.1.4
189 silly fetch manifest gopd@^1.0.1
190 silly fetch manifest has-property-descriptors@^1.0.2
191 http fetch GET 200 https://registry.npmjs.org/gopd 52ms (cache miss)
192 http fetch GET 200 https://registry.npmjs.org/has-property-descriptors 51ms (cache miss)
193 http fetch GET 200 https://registry.npmjs.org/define-data-property 55ms (cache miss)
194 timing idealTree:node_modules/http-server/node_modules/call-bind Completed in 74ms
195 timing idealTree:node_modules/http-server/node_modules/es-define-property Completed in 0ms
196 timing idealTree:node_modules/http-server/node_modules/es-errors Completed in 1ms
197 timing idealTree:node_modules/http-server/node_modules/function-bind Completed in 0ms
198 silly placeDep node_modules/http-server has-proto@1.0.3 OK for: get-intrinsic@1.2.4 want: ^1.0.1
199 silly placeDep node_modules/http-server has-symbols@1.0.3 OK for: get-intrinsic@1.2.4 want: ^1.0.3
200 silly placeDep node_modules/http-server hasown@2.0.2 OK for: get-intrinsic@1.2.4 want: ^2.0.0
201 timing idealTree:node_modules/http-server/node_modules/get-intrinsic Completed in 10ms
202 timing idealTree:node_modules/http-server/node_modules/has-proto Completed in 0ms
203 timing idealTree:node_modules/http-server/node_modules/has-symbols Completed in 0ms
204 timing idealTree:node_modules/http-server/node_modules/hasown Completed in 0ms
205 timing idealTree:node_modules/http-server/node_modules/object-inspect Completed in 0ms
206 silly placeDep node_modules/http-server define-data-property@1.1.4 OK for: set-function-length@1.2.2 want: ^1.1.4
207 silly placeDep node_modules/http-server gopd@1.0.1 OK for: set-function-length@1.2.2 want: ^1.0.1
208 silly placeDep node_modules/http-server has-property-descriptors@1.0.2 OK for: set-function-length@1.2.2 want: ^1.0.2
209 timing idealTree:node_modules/http-server/node_modules/set-function-length Completed in 9ms
210 timing idealTree:node_modules/http-server/node_modules/define-data-property Completed in 0ms
211 timing idealTree:node_modules/http-server/node_modules/gopd Completed in 0ms
212 timing idealTree:node_modules/http-server/node_modules/has-property-descriptors Completed in 0ms
213 timing idealTree:node_modules/http-server/node_modules/url-join Completed in 0ms
214 silly placeDep node_modules/http-server iconv-lite@0.6.3 OK for: whatwg-encoding@2.0.0 want: 0.6.3
215 silly fetch manifest safer-buffer@>= 2.1.2 < 3.0.0
216 http fetch GET 200 https://registry.npmjs.org/safer-buffer 30ms (cache miss)
217 timing idealTree:node_modules/http-server/node_modules/whatwg-encoding Completed in 34ms
218 silly placeDep node_modules/http-server safer-buffer@2.1.2 OK for: iconv-lite@0.6.3 want: >= 2.1.2 < 3.0.0
219 timing idealTree:node_modules/http-server/node_modules/iconv-lite Completed in 5ms
220 timing idealTree:node_modules/http-server/node_modules/safer-buffer Completed in 0ms
221 timing idealTree:buildDeps Completed in 1394ms
222 timing idealTree:fixDepFlags Completed in 4ms
223 timing idealTree Completed in 1429ms
224 timing reify:loadTrees Completed in 1431ms
225 timing reify:diffTrees Completed in 4ms
226 silly reify moves {}
227 timing reify:retireShallow Completed in 1ms
228 timing reify:rollback:createSparse Completed in 0ms
229 timing reify:rollback:retireShallow Completed in 0ms
230 timing command:install Completed in 1468ms
231 verbose stack Error: EACCES: permission denied, mkdir '/usr/local/lib/node_modules'
232 verbose cwd /home/ubuntu/frontend/web
233 verbose Linux 6.8.0-1012-aws
234 verbose node v18.19.1
235 verbose npm  v9.2.0
236 error code EACCES
237 error syscall mkdir
238 error path /usr/local/lib/node_modules
239 error errno -13
240 error [Error: EACCES: permission denied, mkdir '/usr/local/lib/node_modules'] {
240 error   errno: -13,
240 error   code: 'EACCES',
240 error   syscall: 'mkdir',
240 error   path: '/usr/local/lib/node_modules'
240 error }
241 error
241 error The operation was rejected by your operating system.
241 error It is likely you do not have the permissions to access this file as the current user
241 error
241 error If you believe this might be a permissions issue, please double-check the
241 error permissions of the file and its containing directories, or try running
241 error the command again as root/Administrator.
242 verbose exit -13
243 timing npm Completed in 1572ms
244 verbose unfinished npm timer reify 1725264809672
245 verbose unfinished npm timer reify:createSparse 1725264811119
246 verbose code -13
247 error A complete log of this run can be found in:
247 error     /home/ubuntu/.npm/_logs/2024-09-02T08_13_29_577Z-debug-0.log
